Arguments: 
  /usr/local/bin/node /Users/michaelkoek/.yarn/bin/yarn.js add next react react-dom style-components

PATH: 
  /Users/michaelkoek/.yarn/bin:/Users/michaelkoek/.config/yarn/global/node_modules/.bin:/Library/Frameworks/Python.framework/Versions/3.8/bin:/usr/local/bin:/usr/bin:/bin:/usr/sbin:/sbin

Yarn version: 
  1.22.4

Node version: 
  10.15.3

Platform: 
  darwin x64

Trace: 
  Error: https://registry.yarnpkg.com/style-components: Not found
      at Request.params.callback [as _callback] (/Users/michaelkoek/.yarn/lib/cli.js:66987:18)
      at Request.self.callback (/Users/michaelkoek/.yarn/lib/cli.js:140748:22)
      at Request.emit (events.js:189:13)
      at Request.<anonymous> (/Users/michaelkoek/.yarn/lib/cli.js:141720:10)
      at Request.emit (events.js:189:13)
      at IncomingMessage.<anonymous> (/Users/michaelkoek/.yarn/lib/cli.js:141642:12)
      at Object.onceWrapper (events.js:277:13)
      at IncomingMessage.emit (events.js:194:15)
      at endReadableNT (_stream_readable.js:1125:12)
      at process._tickCallback (internal/process/next_tick.js:63:19)

npm manifest: 
  No manifest

yarn manifest: 
  No manifest

Lockfile: 
  No lockfile
